wandb: Tracking run with wandb version 0.19.11
wandb: W&B syncing is set to `offline` in this directory. Run `wandb online` or set WANDB_MODE=online to enable cloud syncing.
Traceback (most recent call last):
  File "/storage/yukaichengLab/lishiwen/jiayusun/openpi/scripts/arithmetic.py", line 635, in <module>
    main()
  File "/storage/yukaichengLab/lishiwen/jiayusun/openpi/scripts/arithmetic.py", line 523, in main
    data_samples_list = pickle.load(f)
                        ^^^^^^^^^^^^^^
  File "/storage/yukaichengLab/lishiwen/jiayusun/openpi/.venv/lib/python3.11/site-packages/jax/_src/array.py", line 121, in _reconstruct_array
    jnp_value = api.device_put(np_value)
                ^^^^^^^^^^^^^^^^^^^^^^^^
  File "/storage/yukaichengLab/lishiwen/jiayusun/openpi/.venv/lib/python3.11/site-packages/jax/_src/api.py", line 2376, in device_put
    out_flat = dispatch.device_put_p.bind(
               ^^^^^^^^^^^^^^^^^^^^^^^^^^^
  File "/storage/yukaichengLab/lishiwen/jiayusun/openpi/.venv/lib/python3.11/site-packages/jax/_src/core.py", line 502, in bind
    return self._true_bind(*args, **params)
           ^^^^^^^^^^^^^^^^^^^^^^^^^^^^^^^^
  File "/storage/yukaichengLab/lishiwen/jiayusun/openpi/.venv/lib/python3.11/site-packages/jax/_src/core.py", line 520, in _true_bind
    return self.bind_with_trace(prev_trace, args, params)
           ^^^^^^^^^^^^^^^^^^^^^^^^^^^^^^^^^^^^^^^^^^^^^^
  File "/storage/yukaichengLab/lishiwen/jiayusun/openpi/.venv/lib/python3.11/site-packages/jax/_src/core.py", line 525, in bind_with_trace
    return trace.process_primitive(self, args, params)
           ^^^^^^^^^^^^^^^^^^^^^^^^^^^^^^^^^^^^^^^^^^^
  File "/storage/yukaichengLab/lishiwen/jiayusun/openpi/.venv/lib/python3.11/site-packages/jax/_src/core.py", line 1029, in process_primitive
    return primitive.impl(*args, **params)
           ^^^^^^^^^^^^^^^^^^^^^^^^^^^^^^^
  File "/storage/yukaichengLab/lishiwen/jiayusun/openpi/.venv/lib/python3.11/site-packages/jax/_src/dispatch.py", line 566, in _batched_device_put_impl
    shard_arg_results = pxla.shard_args(dsa_shardings, [None] * len(dsa_xs),
                        ^^^^^^^^^^^^^^^^^^^^^^^^^^^^^^^^^^^^^^^^^^^^^^^^^^^^
  File "/storage/yukaichengLab/lishiwen/jiayusun/openpi/.venv/lib/python3.11/site-packages/jax/_src/profiler.py", line 334, in wrapper
    return func(*args, **kwargs)
           ^^^^^^^^^^^^^^^^^^^^^
  File "/storage/yukaichengLab/lishiwen/jiayusun/openpi/.venv/lib/python3.11/site-packages/jax/_src/interpreters/pxla.py", line 134, in shard_args
    return shard_arg_handlers[type(arg)]([arg], shardings, layouts,
           ^^^^^^^^^^^^^^^^^^^^^^^^^^^^^^^^^^^^^^^^^^^^^^^^^^^^^^^^
  File "/storage/yukaichengLab/lishiwen/jiayusun/openpi/.venv/lib/python3.11/site-packages/jax/_src/interpreters/pxla.py", line 216, in _shard_np_array
    results.append(batched_device_put(aval, sharding, shards, devices))
                   ^^^^^^^^^^^^^^^^^^^^^^^^^^^^^^^^^^^^^^^^^^^^^^^^^^^
  File "/storage/yukaichengLab/lishiwen/jiayusun/openpi/.venv/lib/python3.11/site-packages/jax/_src/interpreters/pxla.py", line 243, in batched_device_put
    return xc.batched_device_put(aval, sharding, xs, list(devices), committed)
           ^^^^^^^^^^^^^^^^^^^^^^^^^^^^^^^^^^^^^^^^^^^^^^^^^^^^^^^^^^^^^^^^^^^
jaxlib.xla_extension.XlaRuntimeError: RESOURCE_EXHAUSTED: Failed to allocate request for 18.38MiB (19267584B) on device ordinal 0
