warning: The `tool.uv.dev-dependencies` field (used in `packages/openpi-client/pyproject.toml`) is deprecated and will be removed in a future release; use `dependency-groups.dev` instead
13:28:06.530 [I] Running on: gnho031                                                              (3475831:train.py:196)
INFO:2026-03-18 13:28:11,436:jax._src.xla_bridge:925: Unable to initialize backend 'rocm': module 'jaxlib.xla_extension' has no attribute 'GpuAllocatorConfig'
13:28:11.436 [I] Unable to initialize backend 'rocm': module 'jaxlib.xla_extension' has no attribute 'GpuAllocatorConfig' (3475831:xla_bridge.py:925)
INFO:2026-03-18 13:28:11,437:jax._src.xla_bridge:925: Unable to initialize backend 'tpu': INTERNAL: Failed to open libtpu.so: libtpu.so: cannot open shared object file: No such file or directory
13:28:11.437 [I] Unable to initialize backend 'tpu': INTERNAL: Failed to open libtpu.so: libtpu.so: cannot open shared object file: No such file or directory (3475831:xla_bridge.py:925)
13:28:12.027 [I] Created BasePyTreeCheckpointHandler: use_ocdbt=True, use_zarr3=False, pytree_metadata_options=PyTreeMetadataOptions(support_rich_types=False), array_metadata_store=<orbax.checkpoint._src.metadata.array_metadata_store.Store object at 0x7f4d0d71ebd0> (3475831:base_pytree_checkpoint_handler.py:334)
13:28:12.027 [I] Created BasePyTreeCheckpointHandler: use_ocdbt=True, use_zarr3=False, pytree_metadata_options=PyTreeMetadataOptions(support_rich_types=False), array_metadata_store=<orbax.checkpoint._src.metadata.array_metadata_store.Store object at 0x7f4d0d71ebd0> (3475831:base_pytree_checkpoint_handler.py:334)
13:28:12.027 [I] [thread=MainThread] Failed to get flag value for EXPERIMENTAL_ORBAX_USE_DISTRIBUTED_PROCESS_ID. (3475831:multihost.py:390)
13:28:12.028 [I] [process=0][thread=MainThread] CheckpointManager init: checkpointers=None, item_names=None, item_handlers={'assets': <openpi.training.checkpoints.CallbackHandler object at 0x7f4b5f81ba90>, 'train_state': <orbax.checkpoint._src.handlers.pytree_checkpoint_handler.PyTreeCheckpointHandler object at 0x7f4b5f81bb10>, 'params': <orbax.checkpoint._src.handlers.pytree_checkpoint_handler.PyTreeCheckpointHandler object at 0x7f4b5f859c90>}, handler_registry=None (3475831:checkpoint_manager.py:620)
13:28:12.028 [I] Deferred registration for item: "assets". Adding handler `<openpi.training.checkpoints.CallbackHandler object at 0x7f4b5f81ba90>` for item "assets" and save args `<class 'openpi.training.checkpoints.CallbackSave'>` and restore args `<class 'openpi.training.checkpoints.CallbackRestore'>` to `_handler_registry`. (3475831:composite_checkpoint_handler.py:234)
13:28:12.028 [I] Deferred registration for item: "train_state". Adding handler `<orbax.checkpoint._src.handlers.pytree_checkpoint_handler.PyTreeCheckpointHandler object at 0x7f4b5f81bb10>` for item "train_state" and save args `<class 'orbax.checkpoint._src.handlers.pytree_checkpoint_handler.PyTreeSaveArgs'>` and restore args `<class 'orbax.checkpoint._src.handlers.pytree_checkpoint_handler.PyTreeRestoreArgs'>` to `_handler_registry`. (3475831:composite_checkpoint_handler.py:234)
13:28:12.028 [I] Deferred registration for item: "params". Adding handler `<orbax.checkpoint._src.handlers.pytree_checkpoint_handler.PyTreeCheckpointHandler object at 0x7f4b5f859c90>` for item "params" and save args `<class 'orbax.checkpoint._src.handlers.pytree_checkpoint_handler.PyTreeSaveArgs'>` and restore args `<class 'orbax.checkpoint._src.handlers.pytree_checkpoint_handler.PyTreeRestoreArgs'>` to `_handler_registry`. (3475831:composite_checkpoint_handler.py:234)
13:28:12.028 [I] Deferred registration for item: "metrics". Adding handler `<orbax.checkpoint._src.handlers.json_checkpoint_handler.JsonCheckpointHandler object at 0x7f4b5fa16190>` for item "metrics" and save args `<class 'orbax.checkpoint._src.handlers.json_checkpoint_handler.JsonSaveArgs'>` and restore args `<class 'orbax.checkpoint._src.handlers.json_checkpoint_handler.JsonRestoreArgs'>` to `_handler_registry`. (3475831:composite_checkpoint_handler.py:234)
13:28:12.028 [I] Initialized registry DefaultCheckpointHandlerRegistry({('assets', <class 'openpi.training.checkpoints.CallbackSave'>): <openpi.training.checkpoints.CallbackHandler object at 0x7f4b5f81ba90>, ('assets', <class 'openpi.training.checkpoints.CallbackRestore'>): <openpi.training.checkpoints.CallbackHandler object at 0x7f4b5f81ba90>, ('train_state', <class 'orbax.checkpoint._src.handlers.pytree_checkpoint_handler.PyTreeSaveArgs'>): <orbax.checkpoint._src.handlers.pytree_checkpoint_handler.PyTreeCheckpointHandler object at 0x7f4b5f81bb10>, ('train_state', <class 'orbax.checkpoint._src.handlers.pytree_checkpoint_handler.PyTreeRestoreArgs'>): <orbax.checkpoint._src.handlers.pytree_checkpoint_handler.PyTreeCheckpointHandler object at 0x7f4b5f81bb10>, ('params', <class 'orbax.checkpoint._src.handlers.pytree_checkpoint_handler.PyTreeSaveArgs'>): <orbax.checkpoint._src.handlers.pytree_checkpoint_handler.PyTreeCheckpointHandler object at 0x7f4b5f859c90>, ('params', <class 'orbax.checkpoint._src.handlers.pytree_checkpoint_handler.PyTreeRestoreArgs'>): <orbax.checkpoint._src.handlers.pytree_checkpoint_handler.PyTreeCheckpointHandler object at 0x7f4b5f859c90>, ('metrics', <class 'orbax.checkpoint._src.handlers.json_checkpoint_handler.JsonSaveArgs'>): <orbax.checkpoint._src.handlers.json_checkpoint_handler.JsonCheckpointHandler object at 0x7f4b5fa16190>, ('metrics', <class 'orbax.checkpoint._src.handlers.json_checkpoint_handler.JsonRestoreArgs'>): <orbax.checkpoint._src.handlers.json_checkpoint_handler.JsonCheckpointHandler object at 0x7f4b5fa16190>}). (3475831:composite_checkpoint_handler.py:502)
13:28:12.028 [I] orbax-checkpoint version: 0.11.13                                                (3475831:abstract_checkpointer.py:35)
13:28:12.028 [I] [process=0][thread=MainThread] Using barrier_sync_fn: <function get_barrier_sync_fn.<locals>.<lambda> at 0x7f4b28171440> timeout: 7200 secs and primary_host=0 for async checkpoint writes (3475831:async_checkpointer.py:170)
13:28:12.033 [I] Read Metadata={'item_handlers': {'assets': 'openpi.training.checkpoints.CallbackHandler', 'params': 'orbax.checkpoint._src.handlers.pytree_checkpoint_handler.PyTreeCheckpointHandler', 'train_state': 'orbax.checkpoint._src.handlers.pytree_checkpoint_handler.PyTreeCheckpointHandler'}, 'metrics': {}, 'performance_metrics': {}, 'init_timestamp_nsecs': 1773806237727939900, 'commit_timestamp_nsecs': 1773806250839742390, 'custom_metadata': {}} from /storage/yukaichengLab/lishiwen/jiayusun/openpi/checkpoints/pi05_libero_10/my_experiment/19000/_CHECKPOINT_METADATA (3475831:checkpoint.py:226)
13:28:12.033 [W] Missing metrics for step 19000                                                   (3475831:checkpoint_manager.py:1654)
13:28:12.034 [E] File /storage/yukaichengLab/lishiwen/jiayusun/openpi/checkpoints/pi05_libero_10/my_experiment/19000/metrics/metrics not found. (3475831:checkpoint_manager.py:1655)
13:28:12.035 [W] Missing metrics for step 15000                                                   (3475831:checkpoint_manager.py:1654)
13:28:12.035 [E] File /storage/yukaichengLab/lishiwen/jiayusun/openpi/checkpoints/pi05_libero_10/my_experiment/15000/metrics/metrics not found. (3475831:checkpoint_manager.py:1655)
13:28:12.037 [W] Missing metrics for step 10000                                                   (3475831:checkpoint_manager.py:1654)
13:28:12.037 [E] File /storage/yukaichengLab/lishiwen/jiayusun/openpi/checkpoints/pi05_libero_10/my_experiment/10000/metrics/metrics not found. (3475831:checkpoint_manager.py:1655)
13:28:12.039 [W] Missing metrics for step 5000                                                    (3475831:checkpoint_manager.py:1654)
13:28:12.039 [E] File /storage/yukaichengLab/lishiwen/jiayusun/openpi/checkpoints/pi05_libero_10/my_experiment/5000/metrics/metrics not found. (3475831:checkpoint_manager.py:1655)
13:28:12.039 [I] Found 4 checkpoint steps in /storage/yukaichengLab/lishiwen/jiayusun/openpi/checkpoints/pi05_libero_10/my_experiment (3475831:checkpoint_manager.py:1701)
13:28:12.039 [I] [process=0][thread=MainThread] CheckpointManager created,  primary_host=0, CheckpointManagerOptions=CheckpointManagerOptions(save_interval_steps=1, max_to_keep=1, keep_time_interval=None, keep_period=5000, should_keep_fn=None, best_fn=None, best_mode='max', keep_checkpoints_without_metrics=True, step_prefix=None, step_format_fixed_length=None, step_name_format=None, create=False, cleanup_tmp_directories=False, save_on_steps=frozenset(), single_host_load_and_broadcast=False, todelete_subdir=None, enable_background_delete=False, read_only=False, enable_async_checkpointing=True, async_options=AsyncOptions(timeout_secs=7200, barrier_sync_fn=None, post_finalization_callback=None, create_directories_asynchronously=True), multiprocessing_options=MultiprocessingOptions(primary_host=0, active_processes=None, barrier_sync_key_prefix=None), should_save_fn=None, file_options=FileOptions(path_permission_mode=None), save_root_metadata=True, temporary_path_class=None, save_decision_policy=None, prevent_write_metrics=False), root_directory=/storage/yukaichengLab/lishiwen/jiayusun/openpi/checkpoints/pi05_libero_10/my_experiment: <orbax.checkpoint.checkpoint_manager.CheckpointManager object at 0x7f4b5f69db90> (3475831:checkpoint_manager.py:801)
13:28:12.116 [I] Loaded norm stats from /storage/yukaichengLab/lishiwen/jiayusun/openpi/assets/pi05_libero_10/physical-intelligence/libero (3475831:config.py:201)
13:28:12.117 [I] data_config: DataConfig(repo_id='physical-intelligence/libero', asset_id='physical-intelligence/libero', norm_stats={'state': NormStats(mean=array([-0.04199576,  0.03528699,  0.82592976,  2.90806556, -0.55656046,
       -0.16660818,  0.02831586, -0.02856282]), std=array([0.10743833, 0.14424472, 0.25723791, 0.34420329, 1.23493946,
       0.35809666, 0.01331201, 0.01317736]), q01=array([-3.90355703e-01, -2.83930740e-01,  4.47637218e-01,  1.88021650e+00,
       -2.88809271e+00, -1.16075713e+00,  2.05556629e-03, -4.00290446e-02]), q99=array([ 1.52925806e-01,  3.29212030e-01,  1.25455123e+00,  3.30322978e+00,
        2.74969627e+00,  6.88858711e-01,  4.00412873e-02, -1.76321329e-03])), 'actions': NormStats(mean=array([ 0.01491039,  0.05988269, -0.05714254,  0.0046645 ,  0.00267738,
       -0.00748882, -0.08545414]), std=array([0.28271237, 0.3587403 , 0.36916393, 0.03787511, 0.05456818,
       0.08750795, 0.99634212]), q01=array([-0.6375    , -0.774375  , -0.77175   , -0.09867371, -0.14903677,
       -0.27439051, -1.        ]), q99=array([0.771375  , 0.846375  , 0.937125  , 0.13917872, 0.1606093 ,
       0.3255495 , 0.9996    ]))}, repack_transforms=Group(inputs=[RepackTransform(structure={'observation/image': 'image', 'observation/wrist_image': 'wrist_image', 'observation/state': 'state', 'actions': 'actions', 'prompt': 'prompt'})], outputs=()), data_transforms=Group(inputs=[LiberoInputs(model_type=<ModelType.PI05: 'pi05'>)], outputs=[LiberoOutputs()]), model_transforms=Group(inputs=[InjectDefaultPrompt(prompt=None), ResizeImages(height=224, width=224), TokenizePrompt(tokenizer=<openpi.models.tokenizer.PaligemmaTokenizer object at 0x7f4b5f59ec10>, discrete_state_input=False), PadStatesAndActions(model_action_dim=32)], outputs=()), use_quantile_norm=True, action_sequence_keys=('actions',), prompt_from_task=True, episodes=[0, 1, 2, 3, 4, 5, 6, 7, 8, 9, 10, 11, 12, 13, 14, 15, 16, 17, 18, 19, 20, 21, 22, 23, 24, 25, 26, 27, 28, 29, 30, 31, 32, 33, 34, 35, 36, 37, 38, 39, 40, 41, 42, 43, 44, 45, 46, 47, 48, 49, 50, 51, 52, 53, 54, 55, 56, 57, 58, 59, 60, 61, 62, 63, 64, 65, 66, 67, 68, 69, 70, 71, 72, 73, 74, 75, 76, 77, 78, 79, 80, 81, 82, 83, 84, 85, 86, 87, 88, 89, 90, 91, 92, 93, 94, 95, 96, 97, 98, 99, 100, 101, 102, 103, 104, 105, 106, 107, 108, 109, 110, 111, 112, 113, 114, 115, 116, 117, 118, 119, 120, 121, 122, 123, 124, 125, 126, 127, 128, 129, 130, 131, 132, 133, 134, 135, 136, 137, 138, 139, 140, 141, 142, 143, 144, 145, 146, 147, 148, 149, 150, 151, 152, 153, 154, 155, 156, 157, 158, 159, 160, 161, 162, 163, 164, 165, 166, 167, 168, 169, 170, 171, 172, 173, 174, 175, 176, 177, 178, 179, 180, 181, 182, 183, 184, 185, 186, 187, 188, 189, 190, 191, 192, 193, 194, 195, 196, 197, 198, 199, 200, 201, 202, 203, 204, 205, 206, 207, 208, 209, 210, 211, 212, 213, 214, 215, 216, 217, 218, 219, 220, 221, 222, 223, 224, 225, 226, 227, 228, 229, 230, 231, 232, 233, 234, 235, 236, 237, 238, 239, 240, 241, 242, 243, 244, 245, 246, 247, 248, 249, 250, 251, 252, 253, 254, 255, 256, 257, 258, 259, 260, 261, 262, 263, 264, 265, 266, 267, 268, 269, 270, 271, 272, 273, 274, 275, 276, 277, 278, 279, 280, 281, 282, 283, 284, 285, 286, 287, 288, 289, 290, 291, 292, 293, 294, 295, 296, 297, 298, 299, 300, 301, 302, 303, 304, 305, 306, 307, 308, 309, 310, 311, 312, 313, 314, 315, 316, 317, 318, 319, 320, 321, 322, 323, 324, 325, 326, 327, 328, 329, 330, 331, 332, 333, 334, 335, 336, 337, 338, 339, 340, 341, 342, 343, 344, 345, 346, 347, 348, 349, 350, 351, 352, 353, 354, 355, 356, 357, 358, 359, 360, 361, 362, 363, 364, 365, 366, 367, 368, 369, 370, 371, 372, 373, 374, 375, 376, 377, 378], rlds_data_dir=None, action_space=None, datasets=()) (3475831:data_loader.py:256)
13:28:12.118 [W] 
The dataset you requested (physical-intelligence/libero) is in 2.0 format.
While current version of LeRobot is backward-compatible with it, the version of your dataset still uses global
stats instead of per-episode stats. Update your dataset stats to the new format using this command:
```
python lerobot/common/datasets/v21/convert_dataset_v20_to_v21.py --repo-id=physical-intelligence/libero
```

If you encounter a problem, contact LeRobot maintainers on [Discord](https://discord.com/invite/s3KuuzsPFb)
or open an [issue on GitHub](https://github.com/huggingface/lerobot/issues/new/choose).
 (3475831:utils.py:303)
13:28:12.126 [W] 
The dataset you requested (physical-intelligence/libero) is in 2.0 format.
While current version of LeRobot is backward-compatible with it, the version of your dataset still uses global
stats instead of per-episode stats. Update your dataset stats to the new format using this command:
```
python lerobot/common/datasets/v21/convert_dataset_v20_to_v21.py --repo-id=physical-intelligence/libero
```

If you encounter a problem, contact LeRobot maintainers on [Discord](https://discord.com/invite/s3KuuzsPFb)
or open an [issue on GitHub](https://github.com/huggingface/lerobot/issues/new/choose).
 (3475831:utils.py:303)
13:28:19.237 [I] Filtering to 379 episodes: 101469/273465 frames                                  (3475831:data_loader.py:158)
13:28:19.238 [I] local_batch_size: 256                                                            (3475831:data_loader.py:337)
slurmstepd: error: *** JOB 31922 ON gnho031 CANCELLED AT 2026-03-18T13:28:34 ***
