warning: The `tool.uv.dev-dependencies` field (used in `packages/openpi-client/pyproject.toml`) is deprecated and will be removed in a future release; use `dependency-groups.dev` instead
11:50:18.734 [I] Running on: gnho031                                                              (1643454:train.py:196)
INFO:2026-04-07 11:50:20,081:jax._src.xla_bridge:925: Unable to initialize backend 'rocm': module 'jaxlib.xla_extension' has no attribute 'GpuAllocatorConfig'
11:50:20.081 [I] Unable to initialize backend 'rocm': module 'jaxlib.xla_extension' has no attribute 'GpuAllocatorConfig' (1643454:xla_bridge.py:925)
INFO:2026-04-07 11:50:20,082:jax._src.xla_bridge:925: Unable to initialize backend 'tpu': INTERNAL: Failed to open libtpu.so: libtpu.so: cannot open shared object file: No such file or directory
11:50:20.082 [I] Unable to initialize backend 'tpu': INTERNAL: Failed to open libtpu.so: libtpu.so: cannot open shared object file: No such file or directory (1643454:xla_bridge.py:925)
11:50:20.413 [I] Wiped checkpoint directory /storage/yukaichengLab/lishiwen/jiayusun/openpi/checkpoints/pi05_libero_10_from_pi05libero_10k/ft_from_pi05libero_10k (1643454:checkpoints.py:29)
11:50:20.414 [I] Created BasePyTreeCheckpointHandler: use_ocdbt=True, use_zarr3=False, pytree_metadata_options=PyTreeMetadataOptions(support_rich_types=False), array_metadata_store=<orbax.checkpoint._src.metadata.array_metadata_store.Store object at 0x7f66be9a9450> (1643454:base_pytree_checkpoint_handler.py:334)
11:50:20.414 [I] Created BasePyTreeCheckpointHandler: use_ocdbt=True, use_zarr3=False, pytree_metadata_options=PyTreeMetadataOptions(support_rich_types=False), array_metadata_store=<orbax.checkpoint._src.metadata.array_metadata_store.Store object at 0x7f66be9a9450> (1643454:base_pytree_checkpoint_handler.py:334)
11:50:20.414 [I] [thread=MainThread] Failed to get flag value for EXPERIMENTAL_ORBAX_USE_DISTRIBUTED_PROCESS_ID. (1643454:multihost.py:390)
11:50:20.414 [I] [process=0][thread=MainThread] CheckpointManager init: checkpointers=None, item_names=None, item_handlers={'assets': <openpi.training.checkpoints.CallbackHandler object at 0x7f6537f03450>, 'train_state': <orbax.checkpoint._src.handlers.pytree_checkpoint_handler.PyTreeCheckpointHandler object at 0x7f6538505090>, 'params': <orbax.checkpoint._src.handlers.pytree_checkpoint_handler.PyTreeCheckpointHandler object at 0x7f6539c0d810>}, handler_registry=None (1643454:checkpoint_manager.py:620)
11:50:20.414 [I] Deferred registration for item: "assets". Adding handler `<openpi.training.checkpoints.CallbackHandler object at 0x7f6537f03450>` for item "assets" and save args `<class 'openpi.training.checkpoints.CallbackSave'>` and restore args `<class 'openpi.training.checkpoints.CallbackRestore'>` to `_handler_registry`. (1643454:composite_checkpoint_handler.py:234)
11:50:20.414 [I] Deferred registration for item: "train_state". Adding handler `<orbax.checkpoint._src.handlers.pytree_checkpoint_handler.PyTreeCheckpointHandler object at 0x7f6538505090>` for item "train_state" and save args `<class 'orbax.checkpoint._src.handlers.pytree_checkpoint_handler.PyTreeSaveArgs'>` and restore args `<class 'orbax.checkpoint._src.handlers.pytree_checkpoint_handler.PyTreeRestoreArgs'>` to `_handler_registry`. (1643454:composite_checkpoint_handler.py:234)
11:50:20.414 [I] Deferred registration for item: "params". Adding handler `<orbax.checkpoint._src.handlers.pytree_checkpoint_handler.PyTreeCheckpointHandler object at 0x7f6539c0d810>` for item "params" and save args `<class 'orbax.checkpoint._src.handlers.pytree_checkpoint_handler.PyTreeSaveArgs'>` and restore args `<class 'orbax.checkpoint._src.handlers.pytree_checkpoint_handler.PyTreeRestoreArgs'>` to `_handler_registry`. (1643454:composite_checkpoint_handler.py:234)
11:50:20.414 [I] Deferred registration for item: "metrics". Adding handler `<orbax.checkpoint._src.handlers.json_checkpoint_handler.JsonCheckpointHandler object at 0x7f65388b8d90>` for item "metrics" and save args `<class 'orbax.checkpoint._src.handlers.json_checkpoint_handler.JsonSaveArgs'>` and restore args `<class 'orbax.checkpoint._src.handlers.json_checkpoint_handler.JsonRestoreArgs'>` to `_handler_registry`. (1643454:composite_checkpoint_handler.py:234)
11:50:20.415 [I] Initialized registry DefaultCheckpointHandlerRegistry({('assets', <class 'openpi.training.checkpoints.CallbackSave'>): <openpi.training.checkpoints.CallbackHandler object at 0x7f6537f03450>, ('assets', <class 'openpi.training.checkpoints.CallbackRestore'>): <openpi.training.checkpoints.CallbackHandler object at 0x7f6537f03450>, ('train_state', <class 'orbax.checkpoint._src.handlers.pytree_checkpoint_handler.PyTreeSaveArgs'>): <orbax.checkpoint._src.handlers.pytree_checkpoint_handler.PyTreeCheckpointHandler object at 0x7f6538505090>, ('train_state', <class 'orbax.checkpoint._src.handlers.pytree_checkpoint_handler.PyTreeRestoreArgs'>): <orbax.checkpoint._src.handlers.pytree_checkpoint_handler.PyTreeCheckpointHandler object at 0x7f6538505090>, ('params', <class 'orbax.checkpoint._src.handlers.pytree_checkpoint_handler.PyTreeSaveArgs'>): <orbax.checkpoint._src.handlers.pytree_checkpoint_handler.PyTreeCheckpointHandler object at 0x7f6539c0d810>, ('params', <class 'orbax.checkpoint._src.handlers.pytree_checkpoint_handler.PyTreeRestoreArgs'>): <orbax.checkpoint._src.handlers.pytree_checkpoint_handler.PyTreeCheckpointHandler object at 0x7f6539c0d810>, ('metrics', <class 'orbax.checkpoint._src.handlers.json_checkpoint_handler.JsonSaveArgs'>): <orbax.checkpoint._src.handlers.json_checkpoint_handler.JsonCheckpointHandler object at 0x7f65388b8d90>, ('metrics', <class 'orbax.checkpoint._src.handlers.json_checkpoint_handler.JsonRestoreArgs'>): <orbax.checkpoint._src.handlers.json_checkpoint_handler.JsonCheckpointHandler object at 0x7f65388b8d90>}). (1643454:composite_checkpoint_handler.py:502)
11:50:20.415 [I] orbax-checkpoint version: 0.11.13                                                (1643454:abstract_checkpointer.py:35)
11:50:20.415 [I] [process=0][thread=MainThread] Using barrier_sync_fn: <function get_barrier_sync_fn.<locals>.<lambda> at 0x7f6537d02020> timeout: 7200 secs and primary_host=0 for async checkpoint writes (1643454:async_checkpointer.py:170)
11:50:20.415 [I] Found 0 checkpoint steps in /storage/yukaichengLab/lishiwen/jiayusun/openpi/checkpoints/pi05_libero_10_from_pi05libero_10k/ft_from_pi05libero_10k (1643454:checkpoint_manager.py:1701)
11:50:20.415 [I] [process=0][thread=MainThread] CheckpointManager created,  primary_host=0, CheckpointManagerOptions=CheckpointManagerOptions(save_interval_steps=1, max_to_keep=1, keep_time_interval=None, keep_period=5000, should_keep_fn=None, best_fn=None, best_mode='max', keep_checkpoints_without_metrics=True, step_prefix=None, step_format_fixed_length=None, step_name_format=None, create=False, cleanup_tmp_directories=False, save_on_steps=frozenset(), single_host_load_and_broadcast=False, todelete_subdir=None, enable_background_delete=False, read_only=False, enable_async_checkpointing=True, async_options=AsyncOptions(timeout_secs=7200, barrier_sync_fn=None, post_finalization_callback=None, create_directories_asynchronously=True), multiprocessing_options=MultiprocessingOptions(primary_host=0, active_processes=None, barrier_sync_key_prefix=None), should_save_fn=None, file_options=FileOptions(path_permission_mode=None), save_root_metadata=True, temporary_path_class=None, save_decision_policy=None, prevent_write_metrics=False), root_directory=/storage/yukaichengLab/lishiwen/jiayusun/openpi/checkpoints/pi05_libero_10_from_pi05libero_10k/ft_from_pi05libero_10k: <orbax.checkpoint.checkpoint_manager.CheckpointManager object at 0x7f65385113d0> (1643454:checkpoint_manager.py:801)
wandb: Tracking run with wandb version 0.19.11
wandb: W&B syncing is set to `offline` in this directory. Run `wandb online` or set WANDB_MODE=online to enable cloud syncing.
11:50:20.953 [I] Loaded norm stats from /storage/yukaichengLab/lishiwen/jiayusun/openpi/checkpoints/pi05_libero/my_experiment/10000/assets/physical-intelligence/libero (1643454:config.py:214)
11:50:20.954 [I] data_config: DataConfig(repo_id='physical-intelligence/libero', lerobot_root=None, asset_id='physical-intelligence/libero', norm_stats={'state': NormStats(mean=array([-0.04651536,  0.03437928,  0.76449764,  2.97217774, -0.22033744,
       -0.12564771,  0.02691822, -0.02719478]), std=array([0.10494291, 0.15176797, 0.37853545, 0.34430304, 0.90699339,
       0.32538688, 0.01417407, 0.01405702]), q01=array([-3.99227868e-01, -2.68878135e-01,  3.80015922e-02,  1.50832780e+00,
       -2.72100443e+00, -1.08132181e+00,  1.73520013e-03, -4.00442422e-02]), q99=array([ 1.35320103e-01,  3.35663146e-01,  1.27014405e+00,  3.27650592e+00,
        2.40543680e+00,  5.97152898e-01,  4.03033407e-02, -1.78783794e-03])), 'actions': NormStats(mean=array([ 0.0550874 ,  0.08771197, -0.08736418,  0.00071264,  0.00547544,
       -0.00553408, -0.04571558]), std=array([0.33181563, 0.37583771, 0.44807112, 0.03933164, 0.06357799,
       0.07857697, 0.99895447]), q01=array([-0.70725   , -0.798375  , -0.9375    , -0.11467779, -0.1641    ,
       -0.22404901, -1.        ]), q99=array([0.937125  , 0.86775   , 0.937125  , 0.13163036, 0.1917    ,
       0.3374295 , 0.9996    ]))}, repack_transforms=Group(inputs=[RepackTransform(structure={'observation/image': 'image', 'observation/wrist_image': 'wrist_image', 'observation/state': 'state', 'actions': 'actions', 'prompt': 'prompt'})], outputs=()), data_transforms=Group(inputs=[LiberoInputs(model_type=<ModelType.PI05: 'pi05'>)], outputs=[LiberoOutputs()]), model_transforms=Group(inputs=[InjectDefaultPrompt(prompt=None), ResizeImages(height=224, width=224), TokenizePrompt(tokenizer=<openpi.models.tokenizer.PaligemmaTokenizer object at 0x7f653850b0d0>, discrete_state_input=False), PadStatesAndActions(model_action_dim=32)], outputs=()), use_quantile_norm=True, action_sequence_keys=('actions',), prompt_from_task=True, episodes=[0, 1, 2, 3, 4, 5, 6, 7, 8, 9, 10, 11, 12, 13, 14, 15, 16, 17, 18, 19, 20, 21, 22, 23, 24, 25, 26, 27, 28, 29, 30, 31, 32, 33, 34, 35, 36, 37, 38, 39, 40, 41, 42, 43, 44, 45, 46, 47, 48, 49, 50, 51, 52, 53, 54, 55, 56, 57, 58, 59, 60, 61, 62, 63, 64, 65, 66, 67, 68, 69, 70, 71, 72, 73, 74, 75, 76, 77, 78, 79, 80, 81, 82, 83, 84, 85, 86, 87, 88, 89, 90, 91, 92, 93, 94, 95, 96, 97, 98, 99, 100, 101, 102, 103, 104, 105, 106, 107, 108, 109, 110, 111, 112, 113, 114, 115, 116, 117, 118, 119, 120, 121, 122, 123, 124, 125, 126, 127, 128, 129, 130, 131, 132, 133, 134, 135, 136, 137, 138, 139, 140, 141, 142, 143, 144, 145, 146, 147, 148, 149, 150, 151, 152, 153, 154, 155, 156, 157, 158, 159, 160, 161, 162, 163, 164, 165, 166, 167, 168, 169, 170, 171, 172, 173, 174, 175, 176, 177, 178, 179, 180, 181, 182, 183, 184, 185, 186, 187, 188, 189, 190, 191, 192, 193, 194, 195, 196, 197, 198, 199, 200, 201, 202, 203, 204, 205, 206, 207, 208, 209, 210, 211, 212, 213, 214, 215, 216, 217, 218, 219, 220, 221, 222, 223, 224, 225, 226, 227, 228, 229, 230, 231, 232, 233, 234, 235, 236, 237, 238, 239, 240, 241, 242, 243, 244, 245, 246, 247, 248, 249, 250, 251, 252, 253, 254, 255, 256, 257, 258, 259, 260, 261, 262, 263, 264, 265, 266, 267, 268, 269, 270, 271, 272, 273, 274, 275, 276, 277, 278, 279, 280, 281, 282, 283, 284, 285, 286, 287, 288, 289, 290, 291, 292, 293, 294, 295, 296, 297, 298, 299, 300, 301, 302, 303, 304, 305, 306, 307, 308, 309, 310, 311, 312, 313, 314, 315, 316, 317, 318, 319, 320, 321, 322, 323, 324, 325, 326, 327, 328, 329, 330, 331, 332, 333, 334, 335, 336, 337, 338, 339, 340, 341, 342, 343, 344, 345, 346, 347, 348, 349, 350, 351, 352, 353, 354, 355, 356, 357, 358, 359, 360, 361, 362, 363, 364, 365, 366, 367, 368, 369, 370, 371, 372, 373, 374, 375, 376, 377, 378], extra_lerobot_datasets=(), dataset_mix_weights=None, rlds_data_dir=None, action_space=None, datasets=()) (1643454:data_loader.py:290)
11:50:20.955 [W] 
The dataset you requested (physical-intelligence/libero) is in 2.0 format.
While current version of LeRobot is backward-compatible with it, the version of your dataset still uses global
stats instead of per-episode stats. Update your dataset stats to the new format using this command:
```
python lerobot/common/datasets/v21/convert_dataset_v20_to_v21.py --repo-id=physical-intelligence/libero
```

If you encounter a problem, contact LeRobot maintainers on [Discord](https://discord.com/invite/s3KuuzsPFb)
or open an [issue on GitHub](https://github.com/huggingface/lerobot/issues/new/choose).
 (1643454:utils.py:303)
11:50:20.960 [W] 
The dataset you requested (physical-intelligence/libero) is in 2.0 format.
While current version of LeRobot is backward-compatible with it, the version of your dataset still uses global
stats instead of per-episode stats. Update your dataset stats to the new format using this command:
```
python lerobot/common/datasets/v21/convert_dataset_v20_to_v21.py --repo-id=physical-intelligence/libero
```

If you encounter a problem, contact LeRobot maintainers on [Discord](https://discord.com/invite/s3KuuzsPFb)
or open an [issue on GitHub](https://github.com/huggingface/lerobot/issues/new/choose).
 (1643454:utils.py:303)
11:50:25.442 [I] Filtering to 379 episodes: 101469/273465 frames                                  (1643454:data_loader.py:162)
11:50:25.443 [I] local_batch_size: 32                                                             (1643454:data_loader.py:400)
11:50:40.011 [I] Initialized data loader:
[0].images['base_0_rgb']: (32, 224, 224, 3)@float32
[0].images['left_wrist_0_rgb']: (32, 224, 224, 3)@float32
[0].images['right_wrist_0_rgb']: (32, 224, 224, 3)@float32
[0].image_masks['base_0_rgb']: (32,)@bool
[0].image_masks['left_wrist_0_rgb']: (32,)@bool
[0].image_masks['right_wrist_0_rgb']: (32,)@bool
[0].state: (32, 32)@float32
[0].tokenized_prompt: (32, 200)@int32
[0].tokenized_prompt_mask: (32, 200)@bool
[1]: (32, 10, 32)@float32 (1643454:train.py:227)
11:50:42.910 [I] Created BasePyTreeCheckpointHandler: use_ocdbt=True, use_zarr3=False, pytree_metadata_options=PyTreeMetadataOptions(support_rich_types=False), array_metadata_store=<orbax.checkpoint._src.metadata.array_metadata_store.Store object at 0x7f66be9a9450> (1643454:base_pytree_checkpoint_handler.py:334)
11:50:42.926 [I] Restoring checkpoint from /storage/yukaichengLab/lishiwen/jiayusun/openpi/checkpoints/pi05_libero/my_experiment/10000/params. (1643454:checkpointer.py:298)
11:50:45.018 [I] [process=0] /jax/checkpoint/read/bytes_per_sec: 6.0 GiB/s (total bytes: 12.5 GiB) (time elapsed: 2 seconds) (per-host) (1643454:base_pytree_checkpoint_handler.py:114)
11:50:45.019 [I] Finished restoring checkpoint in 2.09 seconds from /storage/yukaichengLab/lishiwen/jiayusun/openpi/checkpoints/pi05_libero/my_experiment/10000/params. (1643454:checkpointer.py:309)
E0407 11:50:50.383334 1645938 pjrt_stream_executor_client.cc:3077] Execution of replica 0 failed: RESOURCE_EXHAUSTED: Failed to allocate request for 4.50GiB (4831838208B) on device ordinal 0
Traceback (most recent call last):
  File "/storage/yukaichengLab/lishiwen/jiayusun/openpi/scripts/train.py", line 280, in <module>
    main(_config.cli())
  File "/storage/yukaichengLab/lishiwen/jiayusun/openpi/scripts/train.py", line 236, in main
    train_state, train_state_sharding = init_train_state(config, init_rng, mesh, resume=resuming)
                                        ^^^^^^^^^^^^^^^^^^^^^^^^^^^^^^^^^^^^^^^^^^^^^^^^^^^^^^^^^
  File "/storage/yukaichengLab/lishiwen/jiayusun/openpi/.venv/lib/python3.11/site-packages/jaxtyping/_decorator.py", line 559, in wrapped_fn
    return wrapped_fn_impl(args, kwargs, bound, memos)
           ^^^^^^^^^^^^^^^^^^^^^^^^^^^^^^^^^^^^^^^^^^^
  File "/storage/yukaichengLab/lishiwen/jiayusun/openpi/.venv/lib/python3.11/site-packages/jaxtyping/_decorator.py", line 483, in wrapped_fn_impl
    out = fn(*args, **kwargs)
          ^^^^^^^^^^^^^^^^^^^
  File "/storage/yukaichengLab/lishiwen/jiayusun/openpi/scripts/train.py", line 126, in init_train_state
    train_state = jax.jit(
                  ^^^^^^^^
jaxlib.xla_extension.XlaRuntimeError: RESOURCE_EXHAUSTED: Failed to allocate request for 4.50GiB (4831838208B) on device ordinal 0: while running replica 0 and partition 0 of a replicated computation (other replicas may have failed as well).
--------------------
For simplicity, JAX has removed its internal frames from the traceback of the following exception. Set JAX_TRACEBACK_FILTERING=off to include these.
