warning: The `tool.uv.dev-dependencies` field (used in `packages/openpi-client/pyproject.toml`) is deprecated and will be removed in a future release; use `dependency-groups.dev` instead
22:11:14.510 [I] Running on: gnho034                                                              (2574884:train.py:196)
INFO:2026-04-02 22:11:16,565:jax._src.xla_bridge:925: Unable to initialize backend 'rocm': module 'jaxlib.xla_extension' has no attribute 'GpuAllocatorConfig'
22:11:16.565 [I] Unable to initialize backend 'rocm': module 'jaxlib.xla_extension' has no attribute 'GpuAllocatorConfig' (2574884:xla_bridge.py:925)
INFO:2026-04-02 22:11:16,583:jax._src.xla_bridge:925: Unable to initialize backend 'tpu': INTERNAL: Failed to open libtpu.so: libtpu.so: cannot open shared object file: No such file or directory
22:11:16.583 [I] Unable to initialize backend 'tpu': INTERNAL: Failed to open libtpu.so: libtpu.so: cannot open shared object file: No such file or directory (2574884:xla_bridge.py:925)
22:11:16.867 [I] Wiped checkpoint directory /storage/yukaichengLab/lishiwen/jiayusun/openpi/checkpoints/pi05_libero_from_merged_4task_gd/retrain_from_merged_30k (2574884:checkpoints.py:29)
22:11:16.867 [I] Created BasePyTreeCheckpointHandler: use_ocdbt=True, use_zarr3=False, pytree_metadata_options=PyTreeMetadataOptions(support_rich_types=False), array_metadata_store=<orbax.checkpoint._src.metadata.array_metadata_store.Store object at 0x7f84ec0d5990> (2574884:base_pytree_checkpoint_handler.py:334)
22:11:16.868 [I] Created BasePyTreeCheckpointHandler: use_ocdbt=True, use_zarr3=False, pytree_metadata_options=PyTreeMetadataOptions(support_rich_types=False), array_metadata_store=<orbax.checkpoint._src.metadata.array_metadata_store.Store object at 0x7f84ec0d5990> (2574884:base_pytree_checkpoint_handler.py:334)
22:11:16.868 [I] [thread=MainThread] Failed to get flag value for EXPERIMENTAL_ORBAX_USE_DISTRIBUTED_PROCESS_ID. (2574884:multihost.py:390)
22:11:16.868 [I] [process=0][thread=MainThread] CheckpointManager init: checkpointers=None, item_names=None, item_handlers={'assets': <openpi.training.checkpoints.CallbackHandler object at 0x7f8362eaf3d0>, 'train_state': <orbax.checkpoint._src.handlers.pytree_checkpoint_handler.PyTreeCheckpointHandler object at 0x7f8363431c90>, 'params': <orbax.checkpoint._src.handlers.pytree_checkpoint_handler.PyTreeCheckpointHandler object at 0x7f8363684910>}, handler_registry=None (2574884:checkpoint_manager.py:620)
22:11:16.868 [I] Deferred registration for item: "assets". Adding handler `<openpi.training.checkpoints.CallbackHandler object at 0x7f8362eaf3d0>` for item "assets" and save args `<class 'openpi.training.checkpoints.CallbackSave'>` and restore args `<class 'openpi.training.checkpoints.CallbackRestore'>` to `_handler_registry`. (2574884:composite_checkpoint_handler.py:234)
22:11:16.868 [I] Deferred registration for item: "train_state". Adding handler `<orbax.checkpoint._src.handlers.pytree_checkpoint_handler.PyTreeCheckpointHandler object at 0x7f8363431c90>` for item "train_state" and save args `<class 'orbax.checkpoint._src.handlers.pytree_checkpoint_handler.PyTreeSaveArgs'>` and restore args `<class 'orbax.checkpoint._src.handlers.pytree_checkpoint_handler.PyTreeRestoreArgs'>` to `_handler_registry`. (2574884:composite_checkpoint_handler.py:234)
22:11:16.868 [I] Deferred registration for item: "params". Adding handler `<orbax.checkpoint._src.handlers.pytree_checkpoint_handler.PyTreeCheckpointHandler object at 0x7f8363684910>` for item "params" and save args `<class 'orbax.checkpoint._src.handlers.pytree_checkpoint_handler.PyTreeSaveArgs'>` and restore args `<class 'orbax.checkpoint._src.handlers.pytree_checkpoint_handler.PyTreeRestoreArgs'>` to `_handler_registry`. (2574884:composite_checkpoint_handler.py:234)
22:11:16.868 [I] Deferred registration for item: "metrics". Adding handler `<orbax.checkpoint._src.handlers.json_checkpoint_handler.JsonCheckpointHandler object at 0x7f83631f4290>` for item "metrics" and save args `<class 'orbax.checkpoint._src.handlers.json_checkpoint_handler.JsonSaveArgs'>` and restore args `<class 'orbax.checkpoint._src.handlers.json_checkpoint_handler.JsonRestoreArgs'>` to `_handler_registry`. (2574884:composite_checkpoint_handler.py:234)
22:11:16.868 [I] Initialized registry DefaultCheckpointHandlerRegistry({('assets', <class 'openpi.training.checkpoints.CallbackSave'>): <openpi.training.checkpoints.CallbackHandler object at 0x7f8362eaf3d0>, ('assets', <class 'openpi.training.checkpoints.CallbackRestore'>): <openpi.training.checkpoints.CallbackHandler object at 0x7f8362eaf3d0>, ('train_state', <class 'orbax.checkpoint._src.handlers.pytree_checkpoint_handler.PyTreeSaveArgs'>): <orbax.checkpoint._src.handlers.pytree_checkpoint_handler.PyTreeCheckpointHandler object at 0x7f8363431c90>, ('train_state', <class 'orbax.checkpoint._src.handlers.pytree_checkpoint_handler.PyTreeRestoreArgs'>): <orbax.checkpoint._src.handlers.pytree_checkpoint_handler.PyTreeCheckpointHandler object at 0x7f8363431c90>, ('params', <class 'orbax.checkpoint._src.handlers.pytree_checkpoint_handler.PyTreeSaveArgs'>): <orbax.checkpoint._src.handlers.pytree_checkpoint_handler.PyTreeCheckpointHandler object at 0x7f8363684910>, ('params', <class 'orbax.checkpoint._src.handlers.pytree_checkpoint_handler.PyTreeRestoreArgs'>): <orbax.checkpoint._src.handlers.pytree_checkpoint_handler.PyTreeCheckpointHandler object at 0x7f8363684910>, ('metrics', <class 'orbax.checkpoint._src.handlers.json_checkpoint_handler.JsonSaveArgs'>): <orbax.checkpoint._src.handlers.json_checkpoint_handler.JsonCheckpointHandler object at 0x7f83631f4290>, ('metrics', <class 'orbax.checkpoint._src.handlers.json_checkpoint_handler.JsonRestoreArgs'>): <orbax.checkpoint._src.handlers.json_checkpoint_handler.JsonCheckpointHandler object at 0x7f83631f4290>}). (2574884:composite_checkpoint_handler.py:502)
22:11:16.869 [I] orbax-checkpoint version: 0.11.13                                                (2574884:abstract_checkpointer.py:35)
22:11:16.869 [I] [process=0][thread=MainThread] Using barrier_sync_fn: <function get_barrier_sync_fn.<locals>.<lambda> at 0x7f8362d62520> timeout: 7200 secs and primary_host=0 for async checkpoint writes (2574884:async_checkpointer.py:170)
22:11:16.869 [I] Found 0 checkpoint steps in /storage/yukaichengLab/lishiwen/jiayusun/openpi/checkpoints/pi05_libero_from_merged_4task_gd/retrain_from_merged_30k (2574884:checkpoint_manager.py:1701)
22:11:16.869 [I] [process=0][thread=MainThread] CheckpointManager created,  primary_host=0, CheckpointManagerOptions=CheckpointManagerOptions(save_interval_steps=1, max_to_keep=1, keep_time_interval=None, keep_period=5000, should_keep_fn=None, best_fn=None, best_mode='max', keep_checkpoints_without_metrics=True, step_prefix=None, step_format_fixed_length=None, step_name_format=None, create=False, cleanup_tmp_directories=False, save_on_steps=frozenset(), single_host_load_and_broadcast=False, todelete_subdir=None, enable_background_delete=False, read_only=False, enable_async_checkpointing=True, async_options=AsyncOptions(timeout_secs=7200, barrier_sync_fn=None, post_finalization_callback=None, create_directories_asynchronously=True), multiprocessing_options=MultiprocessingOptions(primary_host=0, active_processes=None, barrier_sync_key_prefix=None), should_save_fn=None, file_options=FileOptions(path_permission_mode=None), save_root_metadata=True, temporary_path_class=None, save_decision_policy=None, prevent_write_metrics=False), root_directory=/storage/yukaichengLab/lishiwen/jiayusun/openpi/checkpoints/pi05_libero_from_merged_4task_gd/retrain_from_merged_30k: <orbax.checkpoint.checkpoint_manager.CheckpointManager object at 0x7f836388e850> (2574884:checkpoint_manager.py:801)
wandb: Tracking run with wandb version 0.19.11
wandb: W&B syncing is set to `offline` in this directory. Run `wandb online` or set WANDB_MODE=online to enable cloud syncing.
22:11:17.561 [I] Norm stats not found in /storage/yukaichengLab/lishiwen/jiayusun/openpi/assets/pi05_libero_from_merged_4task_gd/physical-intelligence/libero, skipping. (2574884:config.py:217)
22:11:17.561 [I] data_config: DataConfig(repo_id='physical-intelligence/libero', lerobot_root=None, asset_id='physical-intelligence/libero', norm_stats=None, repack_transforms=Group(inputs=[RepackTransform(structure={'observation/image': 'image', 'observation/wrist_image': 'wrist_image', 'observation/state': 'state', 'actions': 'actions', 'prompt': 'prompt'})], outputs=()), data_transforms=Group(inputs=[LiberoInputs(model_type=<ModelType.PI05: 'pi05'>)], outputs=[LiberoOutputs()]), model_transforms=Group(inputs=[InjectDefaultPrompt(prompt=None), ResizeImages(height=224, width=224), TokenizePrompt(tokenizer=<openpi.models.tokenizer.PaligemmaTokenizer object at 0x7f83637db890>, discrete_state_input=False), PadStatesAndActions(model_action_dim=32)], outputs=()), use_quantile_norm=True, action_sequence_keys=('actions',), prompt_from_task=True, episodes=None, extra_lerobot_datasets=(), dataset_mix_weights=None, rlds_data_dir=None, action_space=None, datasets=()) (2574884:data_loader.py:290)
22:11:17.563 [W] 
The dataset you requested (physical-intelligence/libero) is in 2.0 format.
While current version of LeRobot is backward-compatible with it, the version of your dataset still uses global
stats instead of per-episode stats. Update your dataset stats to the new format using this command:
```
python lerobot/common/datasets/v21/convert_dataset_v20_to_v21.py --repo-id=physical-intelligence/libero
```

If you encounter a problem, contact LeRobot maintainers on [Discord](https://discord.com/invite/s3KuuzsPFb)
or open an [issue on GitHub](https://github.com/huggingface/lerobot/issues/new/choose).
 (2574884:utils.py:303)
22:11:17.571 [W] 
The dataset you requested (physical-intelligence/libero) is in 2.0 format.
While current version of LeRobot is backward-compatible with it, the version of your dataset still uses global
stats instead of per-episode stats. Update your dataset stats to the new format using this command:
```
python lerobot/common/datasets/v21/convert_dataset_v20_to_v21.py --repo-id=physical-intelligence/libero
```

If you encounter a problem, contact LeRobot maintainers on [Discord](https://discord.com/invite/s3KuuzsPFb)
or open an [issue on GitHub](https://github.com/huggingface/lerobot/issues/new/choose).
 (2574884:utils.py:303)
Traceback (most recent call last):
  File "/storage/yukaichengLab/lishiwen/jiayusun/openpi/scripts/train.py", line 280, in <module>
    main(_config.cli())
  File "/storage/yukaichengLab/lishiwen/jiayusun/openpi/scripts/train.py", line 220, in main
    data_loader = _data_loader.create_data_loader(
                  ^^^^^^^^^^^^^^^^^^^^^^^^^^^^^^^^
  File "/storage/yukaichengLab/lishiwen/jiayusun/openpi/src/openpi/training/data_loader.py", line 303, in create_data_loader
    return create_torch_data_loader(
           ^^^^^^^^^^^^^^^^^^^^^^^^^
  File "/storage/yukaichengLab/lishiwen/jiayusun/openpi/src/openpi/training/data_loader.py", line 350, in create_torch_data_loader
    dataset = transform_dataset(dataset, data_config, skip_norm_stats=skip_norm_stats)
              ^^^^^^^^^^^^^^^^^^^^^^^^^^^^^^^^^^^^^^^^^^^^^^^^^^^^^^^^^^^^^^^^^^^^^^^^
  File "/storage/yukaichengLab/lishiwen/jiayusun/openpi/src/openpi/training/data_loader.py", line 224, in transform_dataset
    raise ValueError(
ValueError: Normalization stats not found. Make sure to run `scripts/compute_norm_stats.py --config-name=<your-config>`.
